2023-03-07 18:13:52 LogWrapper init() ./logs/GBPJPY.log
2023-03-07 18:13:52 {'n_ma': 12, 'n_std': 2.0, 'maxspread': 0.04, 'mingain': 0.06, 'riskreward': 1.5}
2023-03-07 18:13:53 CandleManager() init last_candle:last_candle:23-03-07 17:12 is_ready:False
2023-03-07 18:14:03 CandleManager() new candle:last_candle:23-03-07 17:13 is_ready:True
2023-03-07 18:14:03 tech_manager: max_rows:-32 candle_time:2023-03-07 17:13:00 granularity:M1
2023-03-07 18:14:04 process_candles:
      PAIR                time     mid_c     mid_o   SL   TP  SPREAD      GAIN      LOSS  SIGNAL
25  GBPJPY 2023-03-07 17:09:00  162.2625  162.2470  0.0  0.0   0.007  0.002347  162.2625       0
26  GBPJPY 2023-03-07 17:10:00  162.3200  162.2640  0.0  0.0   0.006  0.054917  162.3200       0
27  GBPJPY 2023-03-07 17:11:00  162.3270  162.3220  0.0  0.0   0.006  0.062014  162.3270       0
28  GBPJPY 2023-03-07 17:12:00  162.3180  162.3285  0.0  0.0   0.006  0.048514  162.3180       0
29  GBPJPY 2023-03-07 17:13:00  162.3290  162.3210  0.0  0.0   0.006  0.052806  162.3290       0
2023-03-07 18:15:06 CandleManager() new candle:last_candle:23-03-07 17:14 is_ready:True
2023-03-07 18:15:06 tech_manager: max_rows:-32 candle_time:2023-03-07 17:14:00 granularity:M1
2023-03-07 18:15:07 process_candles:
      PAIR                time     mid_c     mid_o   SL   TP  SPREAD      GAIN      LOSS  SIGNAL
25  GBPJPY 2023-03-07 17:10:00  162.3200  162.2640  0.0  0.0   0.006  0.054917  162.3200       0
26  GBPJPY 2023-03-07 17:11:00  162.3270  162.3220  0.0  0.0   0.006  0.062014  162.3270       0
27  GBPJPY 2023-03-07 17:12:00  162.3180  162.3285  0.0  0.0   0.006  0.048514  162.3180       0
28  GBPJPY 2023-03-07 17:13:00  162.3290  162.3210  0.0  0.0   0.006  0.052806  162.3290       0
29  GBPJPY 2023-03-07 17:14:00  162.3435  162.3275  0.0  0.0   0.007  0.062708  162.3435       0
2023-03-07 18:16:09 CandleManager() new candle:last_candle:23-03-07 17:15 is_ready:True
2023-03-07 18:16:09 tech_manager: max_rows:-32 candle_time:2023-03-07 17:15:00 granularity:M1
2023-03-07 18:16:10 process_candles:
      PAIR                time     mid_c     mid_o   SL   TP  SPREAD      GAIN      LOSS  SIGNAL
25  GBPJPY 2023-03-07 17:11:00  162.3270  162.3220  0.0  0.0   0.006  0.062014  162.3270       0
26  GBPJPY 2023-03-07 17:12:00  162.3180  162.3285  0.0  0.0   0.006  0.048514  162.3180       0
27  GBPJPY 2023-03-07 17:13:00  162.3290  162.3210  0.0  0.0   0.006  0.052806  162.3290       0
28  GBPJPY 2023-03-07 17:14:00  162.3435  162.3275  0.0  0.0   0.007  0.062708  162.3435       0
29  GBPJPY 2023-03-07 17:15:00  162.2990  162.3460  0.0  0.0   0.014  0.014667  162.2990       0
2023-03-07 18:17:02 CandleManager() new candle:last_candle:23-03-07 17:16 is_ready:True
2023-03-07 18:17:02 tech_manager: max_rows:-32 candle_time:2023-03-07 17:16:00 granularity:M1
2023-03-07 18:17:02 process_candles:
      PAIR                time     mid_c     mid_o   SL   TP  SPREAD      GAIN      LOSS  SIGNAL
25  GBPJPY 2023-03-07 17:12:00  162.3180  162.3285  0.0  0.0   0.006  0.048514  162.3180       0
26  GBPJPY 2023-03-07 17:13:00  162.3290  162.3210  0.0  0.0   0.006  0.052806  162.3290       0
27  GBPJPY 2023-03-07 17:14:00  162.3435  162.3275  0.0  0.0   0.007  0.062708  162.3435       0
28  GBPJPY 2023-03-07 17:15:00  162.2990  162.3460  0.0  0.0   0.014  0.014667  162.2990       0
29  GBPJPY 2023-03-07 17:16:00  162.2925  162.2975  0.0  0.0   0.005  0.005139  162.2925       0
2023-03-07 18:18:05 CandleManager() new candle:last_candle:23-03-07 17:17 is_ready:True
2023-03-07 18:18:05 tech_manager: max_rows:-32 candle_time:2023-03-07 17:17:00 granularity:M1
2023-03-07 18:18:05 process_candles:
      PAIR                time     mid_c     mid_o   SL   TP  SPREAD      GAIN      LOSS  SIGNAL
25  GBPJPY 2023-03-07 17:13:00  162.3290  162.3210  0.0  0.0   0.006  0.052806  162.3290       0
26  GBPJPY 2023-03-07 17:14:00  162.3435  162.3275  0.0  0.0   0.007  0.062708  162.3435       0
27  GBPJPY 2023-03-07 17:15:00  162.2990  162.3460  0.0  0.0   0.014  0.014667  162.2990       0
28  GBPJPY 2023-03-07 17:16:00  162.2925  162.2975  0.0  0.0   0.005  0.005139  162.2925       0
29  GBPJPY 2023-03-07 17:17:00  162.2110  162.2915  0.0  0.0   0.006  0.075875  162.2110       0
2023-03-07 18:19:08 CandleManager() new candle:last_candle:23-03-07 17:18 is_ready:True
2023-03-07 18:19:08 tech_manager: max_rows:-32 candle_time:2023-03-07 17:18:00 granularity:M1
2023-03-07 18:19:08 process_candles:
      PAIR                time     mid_c     mid_o          SL          TP  SPREAD      GAIN        LOSS  SIGNAL
25  GBPJPY 2023-03-07 17:14:00  162.3435  162.3275    0.000000    0.000000   0.007  0.062708  162.343500       0
26  GBPJPY 2023-03-07 17:15:00  162.2990  162.3460    0.000000    0.000000   0.014  0.014667  162.299000       0
27  GBPJPY 2023-03-07 17:16:00  162.2925  162.2975    0.000000    0.000000   0.005  0.005139  162.292500       0
28  GBPJPY 2023-03-07 17:17:00  162.2110  162.2915    0.000000    0.000000   0.006  0.075875  162.211000       0
29  GBPJPY 2023-03-07 17:18:00  162.1720  162.2090  162.097704  162.283444   0.006  0.111444    0.074296       1
2023-03-07 18:19:08 Place Trade: TradeDecision(): GBPJPY dir:1 gain:0.1114 sl:162.0977 tp:162.2834
2023-03-07 18:19:09 get_trade_size() our_pip_value 0.690989
2023-03-07 18:19:09 get_trade_size() num_pips:7.429629629626788 per_pip_loss:0.6729810568297688 ratio:0.9739381854440419 trade_pure:9739.381854440418 trade_size:9000
2023-03-07 18:19:09 placed trade_id:172267114 for TradeDecision(): GBPJPY dir:1 gain:0.1114 sl:162.0977 tp:162.2834
